<?xml version="1.0" encoding="UTF-8"?>
<!-- Generated by org.testng.reporters.JUnitXMLReporter -->
<testsuite ignored="0" hostname="DESKTOP-IT377E7" failures="0" tests="4" name="Test" time="67.641" errors="0" timestamp="2020-03-29T23:06:43 CDT">
  <testcase classname="Academy.ValidateNavigationBar" name="basePageNavigation" time="9.882"/>
  <testcase classname="Academy.ValidateTitle" name="basePageNavigation" time="11.148"/>
  <testcase classname="Academy.HomePage" name="basePageNavigation" time="23.793"/>
  <testcase classname="Academy.HomePage" name="basePageNavigation" time="22.707"/>
</testsuite> <!-- Test -->
